# JRE version: Java(TM) SE Runtime Environment (8.0_101-b13) (build 1.8.0_101-b13)
# Java VM: Java HotSpot(TM) 64-Bit Server VM (25.101-b13 mixed mode linux-amd64 compressed oops)
Heap:
 PSYoungGen      total 266240K, used 1120K [0x00000000e6700000, 0x00000000f6f80000, 0x0000000100000000)
  eden space 261632K, 0% used [0x00000000e6700000,0x00000000e6700000,0x00000000f6680000)
  from space 4608K, 24% used [0x00000000f6680000,0x00000000f6798000,0x00000000f6b00000)
  to   space 4608K, 0% used [0x00000000f6b00000,0x00000000f6b00000,0x00000000f6f80000)
 ParOldGen       total 53248K, used 2570K [0x00000000b3400000, 0x00000000b6800000, 0x00000000e6700000)
  object space 53248K, 4% used [0x00000000b3400000,0x00000000b3682860,0x00000000b6800000)
 Metaspace       used 7818K, capacity 7994K, committed 8192K, reserved 1056768K
  class space    used 847K, capacity 919K, committed 1024K, reserved 1048576K
GC Heap History (10 events):
Event: 3.220 GC heap after
Heap after GC invocations=6 (full 0):
 PSYoungGen      total 86016K, used 2688K [0x00000000e6700000, 0x00000000ebf00000, 0x0000000100000000)
  eden space 81920K, 0% used [0x00000000e6700000,0x00000000e6700000,0x00000000eb700000)
  from space 4096K, 65% used [0x00000000ebb00000,0x00000000ebda0040,0x00000000ebf00000)
  to   space 4096K, 0% used [0x00000000eb700000,0x00000000eb700000,0x00000000ebb00000)
 ParOldGen       total 53248K, used 843K [0x00000000b3400000, 0x00000000b6800000, 0x00000000e6700000)
  object space 53248K, 1% used [0x00000000b3400000,0x00000000b34d2eb8,0x00000000b6800000)
 Metaspace       used 7805K, capacity 7994K, committed 8192K, reserved 1056768K
  class space    used 846K, capacity 919K, committed 1024K, reserved 1048576K
}
Event: 3.296 GC heap before
{Heap before GC invocations=7 (full 0):
 PSYoungGen      total 86016K, used 84608K [0x00000000e6700000, 0x00000000ebf00000, 0x0000000100000000)
  eden space 81920K, 100% used [0x00000000e6700000,0x00000000eb700000,0x00000000eb700000)
  from space 4096K, 65% used [0x00000000ebb00000,0x00000000ebda0040,0x00000000ebf00000)
  to   space 4096K, 0% used [0x00000000eb700000,0x00000000eb700000,0x00000000ebb00000)
 ParOldGen       total 53248K, used 843K [0x00000000b3400000, 0x00000000b6800000, 0x00000000e6700000)
  object space 53248K, 1% used [0x00000000b3400000,0x00000000b34d2eb8,0x00000000b6800000)
 Metaspace       used 7805K, capacity 7994K, committed 8192K, reserved 1056768K
  class space    used 846K, capacity 919K, committed 1024K, reserved 1048576K
Event: 3.298 GC heap after
Heap after GC invocations=7 (full 0):
 PSYoungGen      total 86016K, used 1024K [0x00000000e6700000, 0x00000000f0f00000, 0x0000000100000000)
  eden space 81920K, 0% used [0x00000000e6700000,0x00000000e6700000,0x00000000eb700000)
  from space 4096K, 25% used [0x00000000eb700000,0x00000000eb800000,0x00000000ebb00000)
  to   space 4096K, 0% used [0x00000000f0b00000,0x00000000f0b00000,0x00000000f0f00000)
 ParOldGen       total 53248K, used 2538K [0x00000000b3400000, 0x00000000b6800000, 0x00000000e6700000)
  object space 53248K, 4% used [0x00000000b3400000,0x00000000b367a860,0x00000000b6800000)
 Metaspace       used 7805K, capacity 7994K, committed 8192K, reserved 1056768K
  class space    used 846K, capacity 919K, committed 1024K, reserved 1048576K
}
Event: 3.368 GC heap before
{Heap before GC invocations=8 (full 0):
 PSYoungGen      total 86016K, used 82944K [0x00000000e6700000, 0x00000000f0f00000, 0x0000000100000000)
  eden space 81920K, 100% used [0x00000000e6700000,0x00000000eb700000,0x00000000eb700000)
  from space 4096K, 25% used [0x00000000eb700000,0x00000000eb800000,0x00000000ebb00000)
  to   space 4096K, 0% used [0x00000000f0b00000,0x00000000f0b00000,0x00000000f0f00000)
 ParOldGen       total 53248K, used 2538K [0x00000000b3400000, 0x00000000b6800000, 0x00000000e6700000)
  object space 53248K, 4% used [0x00000000b3400000,0x00000000b367a860,0x00000000b6800000)
 Metaspace       used 7805K, capacity 7994K, committed 8192K, reserved 1056768K
  class space    used 846K, capacity 919K, committed 1024K, reserved 1048576K
Event: 3.369 GC heap after
Heap after GC invocations=8 (full 0):
 PSYoungGen      total 167424K, used 1024K [0x00000000e6700000, 0x00000000f1000000, 0x0000000100000000)
  eden space 163328K, 0% used [0x00000000e6700000,0x00000000e6700000,0x00000000f0680000)
  from space 4096K, 25% used [0x00000000f0b00000,0x00000000f0c00000,0x00000000f0f00000)
  to   space 4608K, 0% used [0x00000000f0680000,0x00000000f0680000,0x00000000f0b00000)
 ParOldGen       total 53248K, used 2546K [0x00000000b3400000, 0x00000000b6800000, 0x00000000e6700000)
  object space 53248K, 4% used [0x00000000b3400000,0x00000000b367c860,0x00000000b6800000)
 Metaspace       used 7805K, capacity 7994K, committed 8192K, reserved 1056768K
  class space    used 846K, capacity 919K, committed 1024K, reserved 1048576K
}
Event: 3.533 GC heap before
{Heap before GC invocations=9 (full 0):
 PSYoungGen      total 167424K, used 164352K [0x00000000e6700000, 0x00000000f1000000, 0x0000000100000000)
  eden space 163328K, 100% used [0x00000000e6700000,0x00000000f0680000,0x00000000f0680000)
  from space 4096K, 25% used [0x00000000f0b00000,0x00000000f0c00000,0x00000000f0f00000)
  to   space 4608K, 0% used [0x00000000f0680000,0x00000000f0680000,0x00000000f0b00000)
 ParOldGen       total 53248K, used 2546K [0x00000000b3400000, 0x00000000b6800000, 0x00000000e6700000)
  object space 53248K, 4% used [0x00000000b3400000,0x00000000b367c860,0x00000000b6800000)
 Metaspace       used 7805K, capacity 7994K, committed 8192K, reserved 1056768K
  class space    used 846K, capacity 919K, committed 1024K, reserved 1048576K
Event: 3.535 GC heap after
Heap after GC invocations=9 (full 0):
 PSYoungGen      total 167936K, used 1024K [0x00000000e6700000, 0x00000000f6f80000, 0x0000000100000000)
  eden space 163328K, 0% used [0x00000000e6700000,0x00000000e6700000,0x00000000f0680000)
  from space 4608K, 22% used [0x00000000f0680000,0x00000000f0780000,0x00000000f0b00000)
  to   space 4608K, 0% used [0x00000000f6b00000,0x00000000f6b00000,0x00000000f6f80000)
 ParOldGen       total 53248K, used 2554K [0x00000000b3400000, 0x00000000b6800000, 0x00000000e6700000)
  object space 53248K, 4% used [0x00000000b3400000,0x00000000b367e860,0x00000000b6800000)
 Metaspace       used 7805K, capacity 7994K, committed 8192K, reserved 1056768K
  class space    used 846K, capacity 919K, committed 1024K, reserved 1048576K
}
Event: 3.661 GC heap before
{Heap before GC invocations=10 (full 0):
 PSYoungGen      total 167936K, used 164352K [0x00000000e6700000, 0x00000000f6f80000, 0x0000000100000000)
  eden space 163328K, 100% used [0x00000000e6700000,0x00000000f0680000,0x00000000f0680000)
  from space 4608K, 22% used [0x00000000f0680000,0x00000000f0780000,0x00000000f0b00000)
  to   space 4608K, 0% used [0x00000000f6b00000,0x00000000f6b00000,0x00000000f6f80000)
 ParOldGen       total 53248K, used 2554K [0x00000000b3400000, 0x00000000b6800000, 0x00000000e6700000)
  object space 53248K, 4% used [0x00000000b3400000,0x00000000b367e860,0x00000000b6800000)
 Metaspace       used 7812K, capacity 7994K, committed 8192K, reserved 1056768K
  class space    used 846K, capacity 919K, committed 1024K, reserved 1048576K
Event: 3.664 GC heap after
Heap after GC invocations=10 (full 0):
 PSYoungGen      total 266240K, used 1120K [0x00000000e6700000, 0x00000000f6f80000, 0x0000000100000000)
  eden space 261632K, 0% used [0x00000000e6700000,0x00000000e6700000,0x00000000f6680000)
  from space 4608K, 24% used [0x00000000f6b00000,0x00000000f6c18000,0x00000000f6f80000)
  to   space 4608K, 0% used [0x00000000f6680000,0x00000000f6680000,0x00000000f6b00000)
 ParOldGen       total 53248K, used 2562K [0x00000000b3400000, 0x00000000b6800000, 0x00000000e6700000)
  object space 53248K, 4% used [0x00000000b3400000,0x00000000b3680860,0x00000000b6800000)
 Metaspace       used 7812K, capacity 7994K, committed 8192K, reserved 1056768K
  class space    used 846K, capacity 919K, committed 1024K, reserved 1048576K
}
Event: 4.074 GC heap before
{Heap before GC invocations=11 (full 0):
 PSYoungGen      total 266240K, used 262752K [0x00000000e6700000, 0x00000000f6f80000, 0x0000000100000000)
  eden space 261632K, 100% used [0x00000000e6700000,0x00000000f6680000,0x00000000f6680000)
  from space 4608K, 24% used [0x00000000f6b00000,0x00000000f6c18000,0x00000000f6f80000)
  to   space 4608K, 0% used [0x00000000f6680000,0x00000000f6680000,0x00000000f6b00000)
 ParOldGen       total 53248K, used 2562K [0x00000000b3400000, 0x00000000b6800000, 0x00000000e6700000)
  object space 53248K, 4% used [0x00000000b3400000,0x00000000b3680860,0x00000000b6800000)
 Metaspace       used 7818K, capacity 7994K, committed 8192K, reserved 1056768K
  class space    used 847K, capacity 919K, committed 1024K, reserved 1048576K

