# JRE version: Java(TM) SE Runtime Environment (8.0_101-b13) (build 1.8.0_101-b13)
# Java VM: Java HotSpot(TM) 64-Bit Server VM (25.101-b13 mixed mode linux-amd64 compressed oops)
Heap:
 PSYoungGen      total 266752K, used 1088K [0x00000000e6700000, 0x00000000f7000000, 0x0000000100000000)
  eden space 262144K, 0% used [0x00000000e6700000,0x00000000e6700000,0x00000000f6700000)
  from space 4608K, 23% used [0x00000000f6700000,0x00000000f6810000,0x00000000f6b80000)
  to   space 4608K, 0% used [0x00000000f6b80000,0x00000000f6b80000,0x00000000f7000000)
 ParOldGen       total 53248K, used 2632K [0x00000000b3400000, 0x00000000b6800000, 0x00000000e6700000)
  object space 53248K, 4% used [0x00000000b3400000,0x00000000b3692040,0x00000000b6800000)
 Metaspace       used 7809K, capacity 7994K, committed 8192K, reserved 1056768K
  class space    used 846K, capacity 919K, committed 1024K, reserved 1048576K
GC Heap History (10 events):
Event: 3.624 GC heap after
Heap after GC invocations=6 (full 0):
 PSYoungGen      total 86016K, used 2736K [0x00000000e6700000, 0x00000000ebf00000, 0x0000000100000000)
  eden space 81920K, 0% used [0x00000000e6700000,0x00000000e6700000,0x00000000eb700000)
  from space 4096K, 66% used [0x00000000ebb00000,0x00000000ebdac030,0x00000000ebf00000)
  to   space 4096K, 0% used [0x00000000eb700000,0x00000000eb700000,0x00000000ebb00000)
 ParOldGen       total 53248K, used 917K [0x00000000b3400000, 0x00000000b6800000, 0x00000000e6700000)
  object space 53248K, 1% used [0x00000000b3400000,0x00000000b34e56a8,0x00000000b6800000)
 Metaspace       used 7797K, capacity 7994K, committed 8192K, reserved 1056768K
  class space    used 846K, capacity 919K, committed 1024K, reserved 1048576K
}
Event: 3.716 GC heap before
{Heap before GC invocations=7 (full 0):
 PSYoungGen      total 86016K, used 84656K [0x00000000e6700000, 0x00000000ebf00000, 0x0000000100000000)
  eden space 81920K, 100% used [0x00000000e6700000,0x00000000eb700000,0x00000000eb700000)
  from space 4096K, 66% used [0x00000000ebb00000,0x00000000ebdac030,0x00000000ebf00000)
  to   space 4096K, 0% used [0x00000000eb700000,0x00000000eb700000,0x00000000ebb00000)
 ParOldGen       total 53248K, used 917K [0x00000000b3400000, 0x00000000b6800000, 0x00000000e6700000)
  object space 53248K, 1% used [0x00000000b3400000,0x00000000b34e56a8,0x00000000b6800000)
 Metaspace       used 7797K, capacity 7994K, committed 8192K, reserved 1056768K
  class space    used 846K, capacity 919K, committed 1024K, reserved 1048576K
Event: 3.718 GC heap after
Heap after GC invocations=7 (full 0):
 PSYoungGen      total 86016K, used 1024K [0x00000000e6700000, 0x00000000f1000000, 0x0000000100000000)
  eden space 81920K, 0% used [0x00000000e6700000,0x00000000e6700000,0x00000000eb700000)
  from space 4096K, 25% used [0x00000000eb700000,0x00000000eb800000,0x00000000ebb00000)
  to   space 4608K, 0% used [0x00000000f0b80000,0x00000000f0b80000,0x00000000f1000000)
 ParOldGen       total 53248K, used 2608K [0x00000000b3400000, 0x00000000b6800000, 0x00000000e6700000)
  object space 53248K, 4% used [0x00000000b3400000,0x00000000b368c040,0x00000000b6800000)
 Metaspace       used 7797K, capacity 7994K, committed 8192K, reserved 1056768K
  class space    used 846K, capacity 919K, committed 1024K, reserved 1048576K
}
Event: 3.782 GC heap before
{Heap before GC invocations=8 (full 0):
 PSYoungGen      total 86016K, used 82944K [0x00000000e6700000, 0x00000000f1000000, 0x0000000100000000)
  eden space 81920K, 100% used [0x00000000e6700000,0x00000000eb700000,0x00000000eb700000)
  from space 4096K, 25% used [0x00000000eb700000,0x00000000eb800000,0x00000000ebb00000)
  to   space 4608K, 0% used [0x00000000f0b80000,0x00000000f0b80000,0x00000000f1000000)
 ParOldGen       total 53248K, used 2608K [0x00000000b3400000, 0x00000000b6800000, 0x00000000e6700000)
  object space 53248K, 4% used [0x00000000b3400000,0x00000000b368c040,0x00000000b6800000)
 Metaspace       used 7797K, capacity 7994K, committed 8192K, reserved 1056768K
  class space    used 846K, capacity 919K, committed 1024K, reserved 1048576K
Event: 3.783 GC heap after
Heap after GC invocations=8 (full 0):
 PSYoungGen      total 168448K, used 1056K [0x00000000e6700000, 0x00000000f1000000, 0x0000000100000000)
  eden space 163840K, 0% used [0x00000000e6700000,0x00000000e6700000,0x00000000f0700000)
  from space 4608K, 22% used [0x00000000f0b80000,0x00000000f0c88000,0x00000000f1000000)
  to   space 4608K, 0% used [0x00000000f0700000,0x00000000f0700000,0x00000000f0b80000)
 ParOldGen       total 53248K, used 2616K [0x00000000b3400000, 0x00000000b6800000, 0x00000000e6700000)
  object space 53248K, 4% used [0x00000000b3400000,0x00000000b368e040,0x00000000b6800000)
 Metaspace       used 7797K, capacity 7994K, committed 8192K, reserved 1056768K
  class space    used 846K, capacity 919K, committed 1024K, reserved 1048576K
}
Event: 3.930 GC heap before
{Heap before GC invocations=9 (full 0):
 PSYoungGen      total 168448K, used 164896K [0x00000000e6700000, 0x00000000f1000000, 0x0000000100000000)
  eden space 163840K, 100% used [0x00000000e6700000,0x00000000f0700000,0x00000000f0700000)
  from space 4608K, 22% used [0x00000000f0b80000,0x00000000f0c88000,0x00000000f1000000)
  to   space 4608K, 0% used [0x00000000f0700000,0x00000000f0700000,0x00000000f0b80000)
 ParOldGen       total 53248K, used 2616K [0x00000000b3400000, 0x00000000b6800000, 0x00000000e6700000)
  object space 53248K, 4% used [0x00000000b3400000,0x00000000b368e040,0x00000000b6800000)
 Metaspace       used 7797K, capacity 7994K, committed 8192K, reserved 1056768K
  class space    used 846K, capacity 919K, committed 1024K, reserved 1048576K
Event: 3.933 GC heap after
Heap after GC invocations=9 (full 0):
 PSYoungGen      total 168448K, used 1056K [0x00000000e6700000, 0x00000000f7000000, 0x0000000100000000)
  eden space 163840K, 0% used [0x00000000e6700000,0x00000000e6700000,0x00000000f0700000)
  from space 4608K, 22% used [0x00000000f0700000,0x00000000f0808000,0x00000000f0b80000)
  to   space 4608K, 0% used [0x00000000f6b80000,0x00000000f6b80000,0x00000000f7000000)
 ParOldGen       total 53248K, used 2624K [0x00000000b3400000, 0x00000000b6800000, 0x00000000e6700000)
  object space 53248K, 4% used [0x00000000b3400000,0x00000000b3690040,0x00000000b6800000)
 Metaspace       used 7797K, capacity 7994K, committed 8192K, reserved 1056768K
  class space    used 846K, capacity 919K, committed 1024K, reserved 1048576K
}
Event: 4.073 GC heap before
{Heap before GC invocations=10 (full 0):
 PSYoungGen      total 168448K, used 164896K [0x00000000e6700000, 0x00000000f7000000, 0x0000000100000000)
  eden space 163840K, 100% used [0x00000000e6700000,0x00000000f0700000,0x00000000f0700000)
  from space 4608K, 22% used [0x00000000f0700000,0x00000000f0808000,0x00000000f0b80000)
  to   space 4608K, 0% used [0x00000000f6b80000,0x00000000f6b80000,0x00000000f7000000)
 ParOldGen       total 53248K, used 2624K [0x00000000b3400000, 0x00000000b6800000, 0x00000000e6700000)
  object space 53248K, 4% used [0x00000000b3400000,0x00000000b3690040,0x00000000b6800000)
 Metaspace       used 7804K, capacity 7994K, committed 8192K, reserved 1056768K
  class space    used 846K, capacity 919K, committed 1024K, reserved 1048576K
Event: 4.074 GC heap after
Heap after GC invocations=10 (full 0):
 PSYoungGen      total 266752K, used 1120K [0x00000000e6700000, 0x00000000f7000000, 0x0000000100000000)
  eden space 262144K, 0% used [0x00000000e6700000,0x00000000e6700000,0x00000000f6700000)
  from space 4608K, 24% used [0x00000000f6b80000,0x00000000f6c98000,0x00000000f7000000)
  to   space 4608K, 0% used [0x00000000f6700000,0x00000000f6700000,0x00000000f6b80000)
 ParOldGen       total 53248K, used 2624K [0x00000000b3400000, 0x00000000b6800000, 0x00000000e6700000)
  object space 53248K, 4% used [0x00000000b3400000,0x00000000b3690040,0x00000000b6800000)
 Metaspace       used 7804K, capacity 7994K, committed 8192K, reserved 1056768K
  class space    used 846K, capacity 919K, committed 1024K, reserved 1048576K
}
Event: 5.914 GC heap before
{Heap before GC invocations=11 (full 0):
 PSYoungGen      total 266752K, used 263264K [0x00000000e6700000, 0x00000000f7000000, 0x0000000100000000)
  eden space 262144K, 100% used [0x00000000e6700000,0x00000000f6700000,0x00000000f6700000)
  from space 4608K, 24% used [0x00000000f6b80000,0x00000000f6c98000,0x00000000f7000000)
  to   space 4608K, 0% used [0x00000000f6700000,0x00000000f6700000,0x00000000f6b80000)
 ParOldGen       total 53248K, used 2624K [0x00000000b3400000, 0x00000000b6800000, 0x00000000e6700000)
  object space 53248K, 4% used [0x00000000b3400000,0x00000000b3690040,0x00000000b6800000)
 Metaspace       used 7809K, capacity 7994K, committed 8192K, reserved 1056768K
  class space    used 846K, capacity 919K, committed 1024K, reserved 1048576K

