# JRE version: Java(TM) SE Runtime Environment (8.0_101-b13) (build 1.8.0_101-b13)
# Java VM: Java HotSpot(TM) 64-Bit Server VM (25.101-b13 mixed mode linux-amd64 compressed oops)
Heap:
 PSYoungGen      total 265728K, used 688K [0x00000000e6700000, 0x00000000f6e80000, 0x0000000100000000)
  eden space 261632K, 0% used [0x00000000e6700000,0x00000000e6700000,0x00000000f6680000)
  from space 4096K, 16% used [0x00000000f6680000,0x00000000f672c010,0x00000000f6a80000)
  to   space 4096K, 0% used [0x00000000f6a80000,0x00000000f6a80000,0x00000000f6e80000)
 ParOldGen       total 53248K, used 2003K [0x00000000b3400000, 0x00000000b6800000, 0x00000000e6700000)
  object space 53248K, 3% used [0x00000000b3400000,0x00000000b35f4e70,0x00000000b6800000)
 Metaspace       used 7706K, capacity 7906K, committed 8064K, reserved 1056768K
  class space    used 823K, capacity 887K, committed 896K, reserved 1048576K
GC Heap History (10 events):
Event: 1.028 GC heap after
Heap after GC invocations=6 (full 0):
 PSYoungGen      total 85504K, used 2368K [0x00000000e6700000, 0x00000000ebe00000, 0x0000000100000000)
  eden space 81920K, 0% used [0x00000000e6700000,0x00000000e6700000,0x00000000eb700000)
  from space 3584K, 66% used [0x00000000eba80000,0x00000000ebcd0040,0x00000000ebe00000)
  to   space 3584K, 0% used [0x00000000eb700000,0x00000000eb700000,0x00000000eba80000)
 ParOldGen       total 53248K, used 245K [0x00000000b3400000, 0x00000000b6800000, 0x00000000e6700000)
  object space 53248K, 0% used [0x00000000b3400000,0x00000000b343d7c8,0x00000000b6800000)
 Metaspace       used 7674K, capacity 7778K, committed 7808K, reserved 1056768K
  class space    used 821K, capacity 887K, committed 896K, reserved 1048576K
}
Event: 1.089 GC heap before
{Heap before GC invocations=7 (full 0):
 PSYoungGen      total 85504K, used 84288K [0x00000000e6700000, 0x00000000ebe00000, 0x0000000100000000)
  eden space 81920K, 100% used [0x00000000e6700000,0x00000000eb700000,0x00000000eb700000)
  from space 3584K, 66% used [0x00000000eba80000,0x00000000ebcd0040,0x00000000ebe00000)
  to   space 3584K, 0% used [0x00000000eb700000,0x00000000eb700000,0x00000000eba80000)
 ParOldGen       total 53248K, used 245K [0x00000000b3400000, 0x00000000b6800000, 0x00000000e6700000)
  object space 53248K, 0% used [0x00000000b3400000,0x00000000b343d7c8,0x00000000b6800000)
 Metaspace       used 7674K, capacity 7778K, committed 7808K, reserved 1056768K
  class space    used 821K, capacity 887K, committed 896K, reserved 1048576K
Event: 1.091 GC heap after
Heap after GC invocations=7 (full 0):
 PSYoungGen      total 85504K, used 640K [0x00000000e6700000, 0x00000000f0e00000, 0x0000000100000000)
  eden space 81920K, 0% used [0x00000000e6700000,0x00000000e6700000,0x00000000eb700000)
  from space 3584K, 17% used [0x00000000eb700000,0x00000000eb7a0020,0x00000000eba80000)
  to   space 3584K, 0% used [0x00000000f0a80000,0x00000000f0a80000,0x00000000f0e00000)
 ParOldGen       total 53248K, used 1955K [0x00000000b3400000, 0x00000000b6800000, 0x00000000e6700000)
  object space 53248K, 3% used [0x00000000b3400000,0x00000000b35e8e70,0x00000000b6800000)
 Metaspace       used 7674K, capacity 7778K, committed 7808K, reserved 1056768K
  class space    used 821K, capacity 887K, committed 896K, reserved 1048576K
}
Event: 1.156 GC heap before
{Heap before GC invocations=8 (full 0):
 PSYoungGen      total 85504K, used 82560K [0x00000000e6700000, 0x00000000f0e00000, 0x0000000100000000)
  eden space 81920K, 100% used [0x00000000e6700000,0x00000000eb700000,0x00000000eb700000)
  from space 3584K, 17% used [0x00000000eb700000,0x00000000eb7a0020,0x00000000eba80000)
  to   space 3584K, 0% used [0x00000000f0a80000,0x00000000f0a80000,0x00000000f0e00000)
 ParOldGen       total 53248K, used 1955K [0x00000000b3400000, 0x00000000b6800000, 0x00000000e6700000)
  object space 53248K, 3% used [0x00000000b3400000,0x00000000b35e8e70,0x00000000b6800000)
 Metaspace       used 7674K, capacity 7778K, committed 7808K, reserved 1056768K
  class space    used 821K, capacity 887K, committed 896K, reserved 1048576K
Event: 1.158 GC heap after
Heap after GC invocations=8 (full 0):
 PSYoungGen      total 166912K, used 672K [0x00000000e6700000, 0x00000000f0f00000, 0x0000000100000000)
  eden space 163328K, 0% used [0x00000000e6700000,0x00000000e6700000,0x00000000f0680000)
  from space 3584K, 18% used [0x00000000f0a80000,0x00000000f0b28020,0x00000000f0e00000)
  to   space 4096K, 0% used [0x00000000f0680000,0x00000000f0680000,0x00000000f0a80000)
 ParOldGen       total 53248K, used 1963K [0x00000000b3400000, 0x00000000b6800000, 0x00000000e6700000)
  object space 53248K, 3% used [0x00000000b3400000,0x00000000b35eae70,0x00000000b6800000)
 Metaspace       used 7674K, capacity 7778K, committed 7808K, reserved 1056768K
  class space    used 821K, capacity 887K, committed 896K, reserved 1048576K
}
Event: 1.330 GC heap before
{Heap before GC invocations=9 (full 0):
 PSYoungGen      total 166912K, used 164000K [0x00000000e6700000, 0x00000000f0f00000, 0x0000000100000000)
  eden space 163328K, 100% used [0x00000000e6700000,0x00000000f0680000,0x00000000f0680000)
  from space 3584K, 18% used [0x00000000f0a80000,0x00000000f0b28020,0x00000000f0e00000)
  to   space 4096K, 0% used [0x00000000f0680000,0x00000000f0680000,0x00000000f0a80000)
 ParOldGen       total 53248K, used 1963K [0x00000000b3400000, 0x00000000b6800000, 0x00000000e6700000)
  object space 53248K, 3% used [0x00000000b3400000,0x00000000b35eae70,0x00000000b6800000)
 Metaspace       used 7677K, capacity 7778K, committed 7808K, reserved 1056768K
  class space    used 821K, capacity 887K, committed 896K, reserved 1048576K
Event: 1.331 GC heap after
Heap after GC invocations=9 (full 0):
 PSYoungGen      total 167424K, used 672K [0x00000000e6700000, 0x00000000f6e80000, 0x0000000100000000)
  eden space 163328K, 0% used [0x00000000e6700000,0x00000000e6700000,0x00000000f0680000)
  from space 4096K, 16% used [0x00000000f0680000,0x00000000f0728000,0x00000000f0a80000)
  to   space 4096K, 0% used [0x00000000f6a80000,0x00000000f6a80000,0x00000000f6e80000)
 ParOldGen       total 53248K, used 1971K [0x00000000b3400000, 0x00000000b6800000, 0x00000000e6700000)
  object space 53248K, 3% used [0x00000000b3400000,0x00000000b35ece70,0x00000000b6800000)
 Metaspace       used 7677K, capacity 7778K, committed 7808K, reserved 1056768K
  class space    used 821K, capacity 887K, committed 896K, reserved 1048576K
}
Event: 1.444 GC heap before
{Heap before GC invocations=10 (full 0):
 PSYoungGen      total 167424K, used 164000K [0x00000000e6700000, 0x00000000f6e80000, 0x0000000100000000)
  eden space 163328K, 100% used [0x00000000e6700000,0x00000000f0680000,0x00000000f0680000)
  from space 4096K, 16% used [0x00000000f0680000,0x00000000f0728000,0x00000000f0a80000)
  to   space 4096K, 0% used [0x00000000f6a80000,0x00000000f6a80000,0x00000000f6e80000)
 ParOldGen       total 53248K, used 1971K [0x00000000b3400000, 0x00000000b6800000, 0x00000000e6700000)
  object space 53248K, 3% used [0x00000000b3400000,0x00000000b35ece70,0x00000000b6800000)
 Metaspace       used 7677K, capacity 7778K, committed 7808K, reserved 1056768K
  class space    used 821K, capacity 887K, committed 896K, reserved 1048576K
Event: 1.445 GC heap after
Heap after GC invocations=10 (full 0):
 PSYoungGen      total 265728K, used 448K [0x00000000e6700000, 0x00000000f6e80000, 0x0000000100000000)
  eden space 261632K, 0% used [0x00000000e6700000,0x00000000e6700000,0x00000000f6680000)
  from space 4096K, 10% used [0x00000000f6a80000,0x00000000f6af0000,0x00000000f6e80000)
  to   space 4096K, 0% used [0x00000000f6680000,0x00000000f6680000,0x00000000f6a80000)
 ParOldGen       total 53248K, used 1979K [0x00000000b3400000, 0x00000000b6800000, 0x00000000e6700000)
  object space 53248K, 3% used [0x00000000b3400000,0x00000000b35eee70,0x00000000b6800000)
 Metaspace       used 7677K, capacity 7778K, committed 7808K, reserved 1056768K
  class space    used 821K, capacity 887K, committed 896K, reserved 1048576K
}
Event: 2.630 GC heap before
{Heap before GC invocations=11 (full 0):
 PSYoungGen      total 265728K, used 262080K [0x00000000e6700000, 0x00000000f6e80000, 0x0000000100000000)
  eden space 261632K, 100% used [0x00000000e6700000,0x00000000f6680000,0x00000000f6680000)
  from space 4096K, 10% used [0x00000000f6a80000,0x00000000f6af0000,0x00000000f6e80000)
  to   space 4096K, 0% used [0x00000000f6680000,0x00000000f6680000,0x00000000f6a80000)
 ParOldGen       total 53248K, used 1979K [0x00000000b3400000, 0x00000000b6800000, 0x00000000e6700000)
  object space 53248K, 3% used [0x00000000b3400000,0x00000000b35eee70,0x00000000b6800000)
 Metaspace       used 7706K, capacity 7906K, committed 8064K, reserved 1056768K
  class space    used 823K, capacity 887K, committed 896K, reserved 1048576K

